This is pdfTeX, Version 3.1415926-2.3-1.40.12 (MiKTeX 2.9) (preloaded format=pdflatex 2011.11.15)  11 AUG 2012 18:41
entering extended mode
**C:/Users/Jerome/Documents/PWA-CTM/PWA-CTM/stack_thresh_send_to_jerome/stack_t
hresh_send_to_jerome/stack-thresh.tex

(C:/Users/Jerome/Documents/PWA-CTM/PWA-CTM/stack_thresh_send_to_jerome/stack_th
resh_send_to_jerome/stack-thresh.tex
LaTeX2e <2011/06/27>
Babel <v3.8m> and hyphenation patterns for english, afrikaans, ancientgreek, ar
abic, armenian, assamese, basque, bengali, bokmal, bulgarian, catalan, coptic, 
croatian, czech, danish, dutch, esperanto, estonian, farsi, finnish, french, ga
lician, german, german-x-2009-06-19, greek, gujarati, hindi, hungarian, iceland
ic, indonesian, interlingua, irish, italian, kannada, kurmanji, lao, latin, lat
vian, lithuanian, malayalam, marathi, mongolian, mongolianlmc, monogreek, ngerm
an, ngerman-x-2009-06-19, nynorsk, oriya, panjabi, pinyin, polish, portuguese, 
romanian, russian, sanskrit, serbian, slovak, slovenian, spanish, swedish, swis
sgerman, tamil, telugu, turkish, turkmen, ukenglish, ukrainian, uppersorbian, u
senglishmax, welsh, loaded.

(C:\Users\Jerome\Documents\PWA-CTM\PWA-CTM\stack_thresh_send_to_jerome\stack_th
resh_send_to_jerome\ieeeconf.cls
Document Class: ieeeconf 2004/1/15 revision V1.6b by Pradeep Misra
\@IEEEtrantmpdimenA=\dimen102
\@IEEEtrantmpdimenB=\dimen103
\@IEEEtrantmpcountA=\count79
\@IEEEtrantmpcountB=\count80
\@IEEEtrantmptoksA=\toks14
LaTeX Font Info:    Try loading font information for OT1+ptm on input line 792.

("C:\Program Files (x86)\MiKTeX 2.9\tex\latex\psnfss\ot1ptm.fd"
File: ot1ptm.fd 2001/06/04 font definitions for OT1/ptm.
)
\@IEEEnormalsizefontbaselineskip=\skip41

-- This is a 10 point document.
\normalsizebaselineskip=\skip42
\normaljot=\skip43
LaTeX Font Info:    Font shape `OT1/ptm/bx/n' in size <5> not available
(Font)              Font shape `OT1/ptm/b/n' tried instead on input line 1111.
LaTeX Font Info:    Font shape `OT1/ptm/bx/it' in size <5> not available
(Font)              Font shape `OT1/ptm/b/it' tried instead on input line 1111.

LaTeX Font Info:    Font shape `OT1/ptm/bx/n' in size <7> not available
(Font)              Font shape `OT1/ptm/b/n' tried instead on input line 1111.
LaTeX Font Info:    Font shape `OT1/ptm/bx/it' in size <7> not available
(Font)              Font shape `OT1/ptm/b/it' tried instead on input line 1111.

LaTeX Font Info:    Font shape `OT1/ptm/bx/n' in size <8> not available
(Font)              Font shape `OT1/ptm/b/n' tried instead on input line 1111.
LaTeX Font Info:    Font shape `OT1/ptm/bx/it' in size <8> not available
(Font)              Font shape `OT1/ptm/b/it' tried instead on input line 1111.

LaTeX Font Info:    Font shape `OT1/ptm/bx/n' in size <9> not available
(Font)              Font shape `OT1/ptm/b/n' tried instead on input line 1111.
LaTeX Font Info:    Font shape `OT1/ptm/bx/it' in size <9> not available
(Font)              Font shape `OT1/ptm/b/it' tried instead on input line 1111.

LaTeX Font Info:    Font shape `OT1/ptm/bx/n' in size <10> not available
(Font)              Font shape `OT1/ptm/b/n' tried instead on input line 1111.
LaTeX Font Info:    Font shape `OT1/ptm/bx/it' in size <10> not available
(Font)              Font shape `OT1/ptm/b/it' tried instead on input line 1111.

LaTeX Font Info:    Font shape `OT1/ptm/bx/n' in size <11> not available
(Font)              Font shape `OT1/ptm/b/n' tried instead on input line 1111.
LaTeX Font Info:    Font shape `OT1/ptm/bx/it' in size <11> not available
(Font)              Font shape `OT1/ptm/b/it' tried instead on input line 1111.

LaTeX Font Info:    Font shape `OT1/ptm/bx/n' in size <12> not available
(Font)              Font shape `OT1/ptm/b/n' tried instead on input line 1111.
LaTeX Font Info:    Font shape `OT1/ptm/bx/it' in size <12> not available
(Font)              Font shape `OT1/ptm/b/it' tried instead on input line 1111.

LaTeX Font Info:    Font shape `OT1/ptm/bx/n' in size <16> not available
(Font)              Font shape `OT1/ptm/b/n' tried instead on input line 1111.
LaTeX Font Info:    Font shape `OT1/ptm/bx/it' in size <16> not available
(Font)              Font shape `OT1/ptm/b/it' tried instead on input line 1111.

LaTeX Font Info:    Font shape `OT1/ptm/bx/n' in size <20> not available
(Font)              Font shape `OT1/ptm/b/n' tried instead on input line 1111.
LaTeX Font Info:    Font shape `OT1/ptm/bx/it' in size <20> not available
(Font)              Font shape `OT1/ptm/b/it' tried instead on input line 1111.

LaTeX Font Info:    Font shape `OT1/ptm/bx/n' in size <24> not available
(Font)              Font shape `OT1/ptm/b/n' tried instead on input line 1111.
LaTeX Font Info:    Font shape `OT1/ptm/bx/it' in size <24> not available
(Font)              Font shape `OT1/ptm/b/it' tried instead on input line 1111.

\IEEEilabelindentA=\dimen104
\IEEEilabelindentB=\dimen105
\IEEEilabelindent=\dimen106
\IEEEelabelindent=\dimen107
\IEEEdlabelindent=\dimen108
\labelindent=\dimen109
\IEEEiednormlabelsep=\dimen110
\IEEEiedmathlabelsep=\dimen111
\IEEEiedtopsep=\skip44
\c@section=\count81
\c@subsection=\count82
\c@subsubsection=\count83
\c@paragraph=\count84
\c@IEEEsubequation=\count85
\abovecaptionskip=\skip45
\belowcaptionskip=\skip46
\c@figure=\count86
\c@table=\count87
\@IEEEeqnnumcols=\count88
\@IEEEeqncolcnt=\count89
\@IEEEtmpitemindent=\dimen112
\c@biography=\count90
\@IEEEtranrubishbin=\box26
) ("C:\Program Files (x86)\MiKTeX 2.9\tex\latex\amsfonts\amsfonts.sty"
Package: amsfonts 2009/06/22 v3.00 Basic AMSFonts support
\@emptytoks=\toks15
\symAMSa=\mathgroup4
\symAMSb=\mathgroup5
LaTeX Font Info:    Overwriting math alphabet `\mathfrak' in version `bold'
(Font)                  U/euf/m/n --> U/euf/b/n on input line 96.
)
("C:\Program Files (x86)\MiKTeX 2.9\tex\latex\amsfonts\amssymb.sty"
Package: amssymb 2009/06/22 v3.00
)
("C:\Program Files (x86)\MiKTeX 2.9\tex\latex\tools\array.sty"
Package: array 2008/09/09 v2.4c Tabular extension package (FMi)
\col@sep=\dimen113
\extrarowheight=\dimen114
\NC@list=\toks16
\extratabsurround=\skip47
\backup@length=\skip48
)
("C:\Program Files (x86)\MiKTeX 2.9\tex\latex\graphics\graphicx.sty"
Package: graphicx 1999/02/16 v1.0f Enhanced LaTeX Graphics (DPC,SPQR)

("C:\Program Files (x86)\MiKTeX 2.9\tex\latex\graphics\keyval.sty"
Package: keyval 1999/03/16 v1.13 key=value parser (DPC)
\KV@toks@=\toks17
)
("C:\Program Files (x86)\MiKTeX 2.9\tex\latex\graphics\graphics.sty"
Package: graphics 2009/02/05 v1.0o Standard LaTeX Graphics (DPC,SPQR)

("C:\Program Files (x86)\MiKTeX 2.9\tex\latex\graphics\trig.sty"
Package: trig 1999/03/16 v1.09 sin cos tan (DPC)
)
("C:\Program Files (x86)\MiKTeX 2.9\tex\latex\00miktex\graphics.cfg"
File: graphics.cfg 2007/01/18 v1.5 graphics configuration of teTeX/TeXLive
)
Package graphics Info: Driver file: pdftex.def on input line 91.

("C:\Program Files (x86)\MiKTeX 2.9\tex\latex\pdftex-def\pdftex.def"
File: pdftex.def 2011/05/27 v0.06d Graphics/color for pdfTeX

("C:\Program Files (x86)\MiKTeX 2.9\tex\generic\oberdiek\infwarerr.sty"
Package: infwarerr 2010/04/08 v1.3 Providing info/warning/message (HO)
)
("C:\Program Files (x86)\MiKTeX 2.9\tex\generic\oberdiek\ltxcmds.sty"
Package: ltxcmds 2011/04/18 v1.20 LaTeX kernel commands for general use (HO)
)
\Gread@gobject=\count91
))
\Gin@req@height=\dimen115
\Gin@req@width=\dimen116
)
("C:\Program Files (x86)\MiKTeX 2.9\tex\latex\multirow\multirow.sty"
\bigstrutjot=\dimen117
)
(C:\Users\Jerome\AppData\Roaming\MiKTeX\2.9\tex\latex\caption\subcaption.sty
Package: subcaption 2012/01/12 v1.1d Sub-captions (AR)

(C:\Users\Jerome\AppData\Roaming\MiKTeX\2.9\tex\latex\caption\caption.sty
Package: caption 2012/02/19 v3.2f Customizing captions (AR)

(C:\Users\Jerome\AppData\Roaming\MiKTeX\2.9\tex\latex\caption\caption3.sty
Package: caption3 2012/01/12 v1.4b caption3 kernel (AR)
\captionmargin=\dimen118
\captionmargin@=\dimen119
\captionwidth=\dimen120
\caption@indent=\dimen121
\caption@parindent=\dimen122
\caption@hangindent=\dimen123
Package caption Info: Unknown document class (or package),
(caption)             standard defaults will be used.
)

Package caption Warning: Unsupported document class (or package) detected,
(caption)                usage of the caption package is not recommended.
See the caption package documentation for explanation.

Package caption Info: \@makecaption = \long macro:#1#2->\ifx \@captype \@IEEEta
blestring \begin {center}{\footnotesize #1}\\{\footnotesize \scshape #2}\end {c
enter}\@IEEEtablecaptionsepspace \else \@IEEEfigurecaptionsepspace \setbox \@te
mpboxa \hbox {\footnotesize #1.~~ #2}\ifdim \wd \@tempboxa >\hsize \setbox \@te
mpboxa \hbox {\footnotesize #1.~~ }\parbox [t]{\hsize }{\footnotesize \noindent
 \unhbox \@tempboxa #2}\else \ifcenterfigcaptions \hbox to\hsize {\footnotesize
 \hfil \box \@tempboxa \hfil }\else \hbox to\hsize {\footnotesize \box \@tempbo
xa \hfil }\fi \fi \fi .
\c@ContinuedFloat=\count92
)
\c@subfigure=\count93
\c@subtable=\count94
)
(C:\Users\Jerome\Documents\PWA-CTM\PWA-CTM\stack_thresh_send_to_jerome\stack_th
resh_send_to_jerome\common/commands.tex
(C:\Users\Jerome\AppData\Roaming\MiKTeX\2.9\tex\latex\mh\mathtools.sty
Package: mathtools 2012/04/24 v1.12 mathematical typesetting tools

("C:\Program Files (x86)\MiKTeX 2.9\tex\latex\tools\calc.sty"
Package: calc 2007/08/22 v4.3 Infix arithmetic (KKT,FJ)
\calc@Acount=\count95
\calc@Bcount=\count96
\calc@Adimen=\dimen124
\calc@Bdimen=\dimen125
\calc@Askip=\skip49
\calc@Bskip=\skip50
LaTeX Info: Redefining \setlength on input line 76.
LaTeX Info: Redefining \addtolength on input line 77.
\calc@Ccount=\count97
\calc@Cskip=\skip51
)
(C:\Users\Jerome\AppData\Roaming\MiKTeX\2.9\tex\latex\mh\mhsetup.sty
Package: mhsetup 2010/01/21 v1.2a programming setup (MH)
)
("C:\Program Files (x86)\MiKTeX 2.9\tex\latex\ams\math\amsmath.sty"
Package: amsmath 2000/07/18 v2.13 AMS math features
\@mathmargin=\skip52

For additional information on amsmath, use the `?' option.
("C:\Program Files (x86)\MiKTeX 2.9\tex\latex\ams\math\amstext.sty"
Package: amstext 2000/06/29 v2.01

("C:\Program Files (x86)\MiKTeX 2.9\tex\latex\ams\math\amsgen.sty"
File: amsgen.sty 1999/11/30 v2.0
\@emptytoks=\toks18
\ex@=\dimen126
))
("C:\Program Files (x86)\MiKTeX 2.9\tex\latex\ams\math\amsbsy.sty"
Package: amsbsy 1999/11/29 v1.2d
\pmbraise@=\dimen127
)
("C:\Program Files (x86)\MiKTeX 2.9\tex\latex\ams\math\amsopn.sty"
Package: amsopn 1999/12/14 v2.01 operator names
)
\inf@bad=\count98
LaTeX Info: Redefining \frac on input line 211.
\uproot@=\count99
\leftroot@=\count100
LaTeX Info: Redefining \overline on input line 307.
\classnum@=\count101
\DOTSCASE@=\count102
LaTeX Info: Redefining \ldots on input line 379.
LaTeX Info: Redefining \dots on input line 382.
LaTeX Info: Redefining \cdots on input line 467.
\Mathstrutbox@=\box27
\strutbox@=\box28
\big@size=\dimen128
LaTeX Font Info:    Redeclaring font encoding OML on input line 567.
LaTeX Font Info:    Redeclaring font encoding OMS on input line 568.
\macc@depth=\count103
\c@MaxMatrixCols=\count104
\dotsspace@=\muskip10
\c@parentequation=\count105
\dspbrk@lvl=\count106
\tag@help=\toks19
\row@=\count107
\column@=\count108
\maxfields@=\count109
\andhelp@=\toks20
\eqnshift@=\dimen129
\alignsep@=\dimen130
\tagshift@=\dimen131
\tagwidth@=\dimen132
\totwidth@=\dimen133
\lineht@=\dimen134
\@envbody=\toks21
\multlinegap=\skip53
\multlinetaggap=\skip54
\mathdisplay@stack=\toks22
LaTeX Info: Redefining \[ on input line 2666.
LaTeX Info: Redefining \] on input line 2667.
)
\g_MT_multlinerow_int=\count110
\l_MT_multwidth_dim=\dimen135
\origjot=\skip55
\l_MT_shortvdotswithinadjustabove_dim=\dimen136
\l_MT_shortvdotswithinadjustbelow_dim=\dimen137
\l_MT_above_intertext_dim=\dimen138
\l_MT_below_intertext_dim=\dimen139
\l_MT_above_shortintertext_dim=\dimen140
\l_MT_below_shortintertext_dim=\dimen141
))
** ATTENTION: Overriding command lockouts (line 11).
** ATTENTION: Overriding IEEE standard margins (line 12).
\c@definition=\count111
\c@lemma=\count112
\c@theorem=\count113
\c@proposition=\count114
\c@corollary=\count115
\c@remark=\count116

(C:\Users\Jerome\Documents\PWA-CTM\PWA-CTM\stack_thresh_send_to_jerome\stack_th
resh_send_to_jerome\stack-thresh.aux)
LaTeX Font Info:    Checking defaults for OML/cmm/m/it on input line 27.
LaTeX Font Info:    ... okay on input line 27.
LaTeX Font Info:    Checking defaults for T1/cmr/m/n on input line 27.
LaTeX Font Info:    ... okay on input line 27.
LaTeX Font Info:    Checking defaults for OT1/cmr/m/n on input line 27.
LaTeX Font Info:    ... okay on input line 27.
LaTeX Font Info:    Checking defaults for OMS/cmsy/m/n on input line 27.
LaTeX Font Info:    ... okay on input line 27.
LaTeX Font Info:    Checking defaults for OMX/cmex/m/n on input line 27.
LaTeX Font Info:    ... okay on input line 27.
LaTeX Font Info:    Checking defaults for U/cmr/m/n on input line 27.
LaTeX Font Info:    ... okay on input line 27.

(C:\Users\Jerome\AppData\Roaming\MiKTeX\2.9\tex\context\base\supp-pdf.mkii
[Loading MPS to PDF converter (version 2006.09.02).]
\scratchcounter=\count117
\scratchdimen=\dimen142
\scratchbox=\box29
\nofMPsegments=\count118
\nofMParguments=\count119
\everyMPshowfont=\toks23
\MPscratchCnt=\count120
\MPscratchDim=\dimen143
\MPnumerator=\count121
\makeMPintoPDFobject=\count122
\everyMPtoPDFconversion=\toks24
)
Package caption Info: Begin \AtBeginDocument code.
Package caption Info: End \AtBeginDocument code.

(C:\Users\Jerome\Documents\PWA-CTM\PWA-CTM\stack_thresh_send_to_jerome\stack_th
resh_send_to_jerome\intro.tex
LaTeX Font Info:    Try loading font information for U+msa on input line 4.

("C:\Program Files (x86)\MiKTeX 2.9\tex\latex\amsfonts\umsa.fd"
File: umsa.fd 2009/06/22 v3.00 AMS symbols A
)
LaTeX Font Info:    Try loading font information for U+msb on input line 4.

("C:\Program Files (x86)\MiKTeX 2.9\tex\latex\amsfonts\umsb.fd"
File: umsb.fd 2009/06/22 v3.00 AMS symbols B
))
(C:\Users\Jerome\Documents\PWA-CTM\PWA-CTM\stack_thresh_send_to_jerome\stack_th
resh_send_to_jerome\previous.tex
<TikZ/parallel_network.pdf, id=1, 136.98076pt x 55.34377pt>
File: TikZ/parallel_network.pdf Graphic file (type pdf)

<use TikZ/parallel_network.pdf>
Package pdftex.def Info: TikZ/parallel_network.pdf used on input line 19.
(pdftex.def)             Requested size: 136.98041pt x 55.34361pt.


LaTeX Warning: `h' float specifier changed to `ht'.

[1{C:/Users/Jerome/AppData/Local/MiKTeX/2.9/pdftex/config/pdftex.map}


]
<TikZ/ff_nash.pdf, id=16, 189.6154pt x 203.17506pt>
File: TikZ/ff_nash.pdf Graphic file (type pdf)
 <use TikZ/ff_nash.pdf>
Package pdftex.def Info: TikZ/ff_nash.pdf used on input line 76.
(pdftex.def)             Requested size: 180.67499pt x 193.59804pt.

[2 <C:/Users/Jerome/Documents/PWA-CTM/PWA-CTM/stack_thresh_send_to_jerome/stack
_thresh_send_to_jerome/TikZ/parallel_network.pdf> <C:/Users/Jerome/Documents/PW
A-CTM/PWA-CTM/stack_thresh_send_to_jerome/stack_thresh_send_to_jerome/TikZ/ff_n
ash.pdf>]
Underfull \hbox (badness 10000) in paragraph at lines 156--159
\OT1/ptm/m/n/10 Consider the Stack-el-berg in-stance $\OT1/cmr/m/n/10 (\OML/cmm
/m/it/10 N; r; \OT1/cmr/m/n/10 )$\OT1/ptm/m/n/10 . Let
 []


Underfull \hbox (badness 7925) in paragraph at lines 156--159
[]$ \OT1/ptm/m/n/10 be the unique best
 []

<TikZ/stack_NCF_new.pdf, id=64, 255.14322pt x 237.49428pt>
File: TikZ/stack_NCF_new.pdf Graphic file (type pdf)

<use TikZ/stack_NCF_new.pdf>
Package pdftex.def Info: TikZ/stack_NCF_new.pdf used on input line 170.
(pdftex.def)             Requested size: 238.49121pt x 221.9944pt.
 [3 <C:/Users/Jerome/Documents/PWA-CTM/PWA-CTM/stack_thresh_send_to_jerome/stac
k_thresh_send_to_jerome/TikZ/stack_NCF_new.pdf>])
(C:\Users\Jerome\Documents\PWA-CTM\PWA-CTM\stack_thresh_send_to_jerome\stack_th
resh_send_to_jerome\support.tex
Underfull \hbox (badness 4060) in paragraph at lines 65--66
[]\OT1/ptm/m/n/10 For two given com-pli-ance rates, $\OML/cmm/m/it/10 []$
 []


Underfull \hbox (badness 1874) in paragraph at lines 65--66
\OT1/ptm/m/n/10 and $\OML/cmm/m/it/10 []$\OT1/ptm/m/n/10 , if the best Nash eq
ui-lib-ria of the in-stances
 []

[4]
Underfull \hbox (badness 5189) in paragraph at lines 107--109
\OT1/ptm/m/n/10 tion of $\OML/cmm/m/it/10 k$\OT1/ptm/m/n/10 , and since $\OML/c
mm/m/it/10 k\OT1/cmr/m/n/10 (\OML/cmm/m/it/10 []\OT1/cmr/m/n/10 ) \OML/cmm/m/i
t/10 > k\OT1/cmr/m/n/10 (\OML/cmm/m/it/10 []\OT1/cmr/m/n/10 )$\OT1/ptm/m/n/10 
, we have
 []

)
(C:\Users\Jerome\Documents\PWA-CTM\PWA-CTM\stack_thresh_send_to_jerome\stack_th
resh_send_to_jerome\cost.tex
Underfull \hbox (badness 1521) in paragraph at lines 14--16
\OT1/ptm/m/n/10 The main re-sult is that $\OML/cmm/m/it/10 C[]\OT1/cmr/m/n/10 (
\OML/cmm/m/it/10 \OT1/cmr/m/n/10 )$ \OT1/ptm/m/n/10 is a non-increasing,
 []


Underfull \hbox (badness 5288) in paragraph at lines 14--16
\OT1/ptm/m/n/10 piecewise-constant func-tion of $\OML/cmm/m/it/10 $ \OT1/ptm/m
/n/10 with dis-con-ti-nu-ities
 []


Underfull \hbox (badness 10000) in paragraph at lines 14--16

 []

<TikZ/intervals.pdf, id=94, 289.9131pt x 59.9078pt>
File: TikZ/intervals.pdf Graphic file (type pdf)
 <use TikZ/intervals.pdf>
Package pdftex.def Info: TikZ/intervals.pdf used on input line 42.
(pdftex.def)             Requested size: 245.71754pt x 50.77559pt.

[5 <C:/Users/Jerome/Documents/PWA-CTM/PWA-CTM/stack_thresh_send_to_jerome/stack
_thresh_send_to_jerome/TikZ/intervals.pdf>]
Overfull \hbox (5.43692pt too wide) in paragraph at lines 149--149
[] 
 []


Underfull \hbox (badness 1924) in paragraph at lines 149--151
[]$\OT1/ptm/m/n/10 , with strict
 []

[6])
(C:\Users\Jerome\Documents\PWA-CTM\PWA-CTM\stack_thresh_send_to_jerome\stack_th
resh_send_to_jerome\thresholds.tex
Underfull \hbox (badness 1571) in paragraph at lines 12--13
[]\OT1/ptm/m/n/10 The Stack-el-berg thresh-old is equal to
 []


Underfull \hbox (badness 5175) in paragraph at lines 18--19
\OT1/ptm/m/n/10 And if $\OML/cmm/m/it/10  \OMS/cmsy/m/n/10 2 \OML/cmm/m/it/10 
I[]$\OT1/ptm/m/n/10 , then $\OML/cmm/m/it/10 C[]\OT1/cmr/m/n/10 (\OML/cmm/m/it/
10 \OT1/cmr/m/n/10 ) = \OML/cmm/m/it/10 C[]$\OT1/ptm/m/n/10 . Thus
 []

)
(C:\Users\Jerome\Documents\PWA-CTM\PWA-CTM\stack_thresh_send_to_jerome\stack_th
resh_send_to_jerome\numerical.tex

pdfTeX warning: pdflatex.exe (file C:/Users/Jerome/Documents/PWA-CTM/PWA-CTM/st
ack_thresh_send_to_jerome/stack_thresh_send_to_jerome/figures/latencies.pdf): P
DF inclusion: found PDF version <1.6>, but at most version <1.5> allowed
<figures/latencies.pdf, id=137, 381.425pt x 294.09875pt>
File: figures/latencies.pdf Graphic file (type pdf)

<use figures/latencies.pdf>
Package pdftex.def Info: figures/latencies.pdf used on input line 12.
(pdftex.def)             Requested size: 180.67499pt x 139.30792pt.

Underfull \hbox (badness 10000) in paragraph at lines 17--18
[]\OT1/ptm/m/n/10 The op-ti-mal Stack-el-berg cost is com-puted for
 []


Underfull \hbox (badness 2165) in paragraph at lines 17--18
\OT1/ptm/m/n/10 in Fig. 6[]. For a fixed de-mand, the op-ti-mal cost is
 []


Underfull \hbox (badness 3668) in paragraph at lines 17--18
\OT1/ptm/m/n/10 a piece-wise con-stant func-tion of $\OML/cmm/m/it/10 $ \OT1/p
tm/m/n/10 (Fig. 6b[]). This
 []


Underfull \hbox (badness 10000) in paragraph at lines 17--18
\OT1/ptm/m/n/10 also il-lus-trates the in-ter-vals $\OMS/cmsy/m/n/10 f\OML/cmm/
m/it/10 I[]\OMS/cmsy/m/n/10 g[]$ \OT1/ptm/m/n/10 dis-cussed
 []


Underfull \hbox (badness 4752) in paragraph at lines 17--18
\OT1/ptm/m/n/10 in the pre-vi-ous sec-tion. In this ex-am-ple, we have
 []



pdfTeX warning: pdflatex.exe (file C:/Users/Jerome/Documents/PWA-CTM/PWA-CTM/st
ack_thresh_send_to_jerome/stack_thresh_send_to_jerome/figures/cost_surface.pdf)
: PDF inclusion: found PDF version <1.6>, but at most version <1.5> allowed
<figures/cost_surface.pdf, id=138, 429.605pt x 357.335pt>
File: figures/cost_surface.pdf Graphic file (type pdf)

<use figures/cost_surface.pdf>
Package pdftex.def Info: figures/cost_surface.pdf used on input line 23.
(pdftex.def)             Requested size: 202.35622pt x 168.31824pt.


pdfTeX warning: pdflatex.exe (file C:/Users/Jerome/Documents/PWA-CTM/PWA-CTM/st
ack_thresh_send_to_jerome/stack_thresh_send_to_jerome/figures/cost.pdf): PDF in
clusion: found PDF version <1.6>, but at most version <1.5> allowed
<figures/cost.pdf, id=139, 385.44pt x 297.11pt>
File: figures/cost.pdf Graphic file (type pdf)
 <use figures/cost.pdf>
Package pdftex.def Info: figures/cost.pdf used on input line 31.
(pdftex.def)             Requested size: 187.90244pt x 144.84167pt.


pdfTeX warning: pdflatex.exe (file C:/Users/Jerome/Documents/PWA-CTM/PWA-CTM/st
ack_thresh_send_to_jerome/stack_thresh_send_to_jerome/figures/threshold.pdf): P
DF inclusion: found PDF version <1.6>, but at most version <1.5> allowed
<figures/threshold.pdf, id=140, 372.39125pt x 294.09875pt>
File: figures/threshold.pdf Graphic file (type pdf)

<use figures/threshold.pdf>
Package pdftex.def Info: figures/threshold.pdf used on input line 46.
(pdftex.def)             Requested size: 187.90244pt x 148.39977pt.


LaTeX Warning: `h' float specifier changed to `ht'.

)
(C:\Users\Jerome\Documents\PWA-CTM\PWA-CTM\stack_thresh_send_to_jerome\stack_th
resh_send_to_jerome\conclusion.tex [7 <C:/Users/Jerome/Documents/PWA-CTM/PWA-CT
M/stack_thresh_send_to_jerome/stack_thresh_send_to_jerome/figures/latencies.pdf
> <C:/Users/Jerome/Documents/PWA-CTM/PWA-CTM/stack_thresh_send_to_jerome/stack_
thresh_send_to_jerome/figures/cost_surface.pdf> <C:/Users/Jerome/Documents/PWA-
CTM/PWA-CTM/stack_thresh_send_to_jerome/stack_thresh_send_to_jerome/figures/cos
t.pdf>])
(C:\Users\Jerome\Documents\PWA-CTM\PWA-CTM\stack_thresh_send_to_jerome\stack_th
resh_send_to_jerome\stack-thresh.bbl
Underfull \hbox (badness 5893) in paragraph at lines 21--25
\OT1/ptm/m/n/8 el-berg rout-ing on par-al-lel net-works with hor-i-zon-tal queu
es,
 []

)

** Conference Paper **
Before submitting the final camera ready copy, remember to:

 1. Manually equalize the lengths of two columns on the last page
 of your paper;

 2. Ensure that any PostScript and/or PDF output post-processing
 uses only Type 1 fonts and that every step in the generation
 process uses the US letter (8.5in X 11in) paper size.

[8 <C:/Users/Jerome/Documents/PWA-CTM/PWA-CTM/stack_thresh_send_to_jerome/stack
_thresh_send_to_jerome/figures/threshold.pdf>]
(C:\Users\Jerome\Documents\PWA-CTM\PWA-CTM\stack_thresh_send_to_jerome\stack_th
resh_send_to_jerome\stack-thresh.aux) ) 
Here is how much of TeX's memory you used:
 4510 strings out of 494045
 70771 string characters out of 3145965
 141405 words of memory out of 3000000
 7712 multiletter control sequences out of 15000+200000
 49912 words of font info for 109 fonts, out of 3000000 for 9000
 715 hyphenation exceptions out of 8191
 42i,23n,40p,1460b,438s stack positions out of 5000i,500n,10000p,200000b,50000s
{C:/Program Files (x86)/MiKTeX 2.9/fonts
/enc/dvips/fontname/8r.enc}<C:/Program Files (x86)/MiKTeX 2.9/fonts/type1/publi
c/amsfonts/cm/cmex10.pfb><C:/Program Files (x86)/MiKTeX 2.9/fonts/type1/public/
amsfonts/cm/cmmi10.pfb><C:/Program Files (x86)/MiKTeX 2.9/fonts/type1/public/am
sfonts/cm/cmmi5.pfb><C:/Program Files (x86)/MiKTeX 2.9/fonts/type1/public/amsfo
nts/cm/cmmi6.pfb><C:/Program Files (x86)/MiKTeX 2.9/fonts/type1/public/amsfonts
/cm/cmmi7.pfb><C:/Program Files (x86)/MiKTeX 2.9/fonts/type1/public/amsfonts/cm
/cmmi8.pfb><C:/Program Files (x86)/MiKTeX 2.9/fonts/type1/public/amsfonts/cm/cm
mi9.pfb><C:/Program Files (x86)/MiKTeX 2.9/fonts/type1/public/amsfonts/cm/cmmib
10.pfb><C:/Program Files (x86)/MiKTeX 2.9/fonts/type1/public/amsfonts/cmextra/c
mmib7.pfb><C:/Program Files (x86)/MiKTeX 2.9/fonts/type1/public/amsfonts/cmextr
a/cmmib8.pfb><C:/Program Files (x86)/MiKTeX 2.9/fonts/type1/public/amsfonts/cm/
cmr10.pfb><C:/Program Files (x86)/MiKTeX 2.9/fonts/type1/public/amsfonts/cm/cmr
5.pfb><C:/Program Files (x86)/MiKTeX 2.9/fonts/type1/public/amsfonts/cm/cmr6.pf
b><C:/Program Files (x86)/MiKTeX 2.9/fonts/type1/public/amsfonts/cm/cmr7.pfb><C
:/Program Files (x86)/MiKTeX 2.9/fonts/type1/public/amsfonts/cm/cmr8.pfb><C:/Pr
ogram Files (x86)/MiKTeX 2.9/fonts/type1/public/amsfonts/cm/cmr9.pfb><C:/Progra
m Files (x86)/MiKTeX 2.9/fonts/type1/public/amsfonts/cm/cmsy10.pfb><C:/Program 
Files (x86)/MiKTeX 2.9/fonts/type1/public/amsfonts/cm/cmsy5.pfb><C:/Program Fil
es (x86)/MiKTeX 2.9/fonts/type1/public/amsfonts/cm/cmsy7.pfb><C:/Program Files 
(x86)/MiKTeX 2.9/fonts/type1/public/amsfonts/cm/cmsy9.pfb><C:/Program Files (x8
6)/MiKTeX 2.9/fonts/type1/public/amsfonts/symbols/msbm10.pfb><C:/Program Files 
(x86)/MiKTeX 2.9/fonts/type1/urw/times/utmb8a.pfb><C:/Program Files (x86)/MiKTe
X 2.9/fonts/type1/urw/times/utmbi8a.pfb><C:/Program Files (x86)/MiKTeX 2.9/font
s/type1/urw/times/utmr8a.pfb><C:/Program Files (x86)/MiKTeX 2.9/fonts/type1/urw
/times/utmri8a.pfb>
Output written on stack-thresh.pdf (8 pages, 636525 bytes).
PDF statistics:
 261 PDF objects out of 1000 (max. 8388607)
 0 named destinations out of 1000 (max. 500000)
 41 words of extra memory for PDF output out of 10000 (max. 10000000)

